# JRE version: OpenJDK Runtime Environment JBR-21.0.10+1-1163.108-nomod (21.0.10+1) (build 21.0.10+1-b1163.108)
# Java VM: OpenJDK 64-Bit Server VM JBR-21.0.10+1-1163.108-nomod (21.0.10+1-b1163.108, mixed mode, sharing, tiered, compressed oops, compressed class ptrs, g1 gc, windows-amd64)
GC Precious Log:
 CardTable entry size: 512
 Card Set container configuration: InlinePtr #cards 5 size 8 Array Of Cards #cards 12 size 40 Howl #buckets 4 coarsen threshold 1843 Howl Bitmap #cards 512 size 80 coarsen threshold 460 Card regions per heap region 1 cards per card region 2048
 CPUs: 16 total, 16 available
 Memory: 32675M
 Large Page Support: Disabled
 NUMA Support: Disabled
 Compressed Oops: Enabled (32-bit)
 Heap Region Size: 1M
 Heap Min Capacity: 8M
 Heap Initial Capacity: 512M
 Heap Max Capacity: 512M
 Pre-touch: Disabled
 Parallel Workers: 13
 Concurrent Workers: 3
 Concurrent Refinement Workers: 13
 Periodic GC: Disabled
Heap:
 garbage-first heap   total 524288K, used 523478K [0x00000000e0000000, 0x0000000100000000)
  region size 1024K, 0 young (0K), 0 survivors (0K)
 Metaspace       used 33157K, committed 33600K, reserved 1114112K
  class space    used 3944K, committed 4224K, reserved 1048576K
GC Heap History (20 events):
Event: 2702.917 GC heap after
{Heap after GC invocations=40216 (full 25447):
 garbage-first heap   total 524288K, used 523478K [0x00000000e0000000, 0x0000000100000000)
  region size 1024K, 0 young (0K), 0 survivors (0K)
 Metaspace       used 33157K, committed 33600K, reserved 1114112K
  class space    used 3944K, committed 4224K, reserved 1048576K
}
Event: 2702.917 GC heap before
{Heap before GC invocations=40216 (full 25447):
 garbage-first heap   total 524288K, used 523478K [0x00000000e0000000, 0x0000000100000000)
  region size 1024K, 0 young (0K), 0 survivors (0K)
 Metaspace       used 33157K, committed 33600K, reserved 1114112K
  class space    used 3944K, committed 4224K, reserved 1048576K
}
Event: 2703.028 GC heap after
{Heap after GC invocations=40217 (full 25448):
 garbage-first heap   total 524288K, used 523478K [0x00000000e0000000, 0x0000000100000000)
  region size 1024K, 0 young (0K), 0 survivors (0K)
 Metaspace       used 33157K, committed 33600K, reserved 1114112K
  class space    used 3944K, committed 4224K, reserved 1048576K
}
Event: 2703.028 GC heap before
{Heap before GC invocations=40217 (full 25448):
 garbage-first heap   total 524288K, used 523478K [0x00000000e0000000, 0x0000000100000000)
  region size 1024K, 0 young (0K), 0 survivors (0K)
 Metaspace       used 33157K, committed 33600K, reserved 1114112K
  class space    used 3944K, committed 4224K, reserved 1048576K
}
Event: 2703.029 GC heap after
{Heap after GC invocations=40218 (full 25448):
 garbage-first heap   total 524288K, used 523478K [0x00000000e0000000, 0x0000000100000000)
  region size 1024K, 0 young (0K), 0 survivors (0K)
 Metaspace       used 33157K, committed 33600K, reserved 1114112K
  class space    used 3944K, committed 4224K, reserved 1048576K
}
Event: 2703.029 GC heap before
{Heap before GC invocations=40218 (full 25448):
 garbage-first heap   total 524288K, used 523478K [0x00000000e0000000, 0x0000000100000000)
  region size 1024K, 0 young (0K), 0 survivors (0K)
 Metaspace       used 33157K, committed 33600K, reserved 1114112K
  class space    used 3944K, committed 4224K, reserved 1048576K
}
Event: 2703.119 GC heap after
{Heap after GC invocations=40219 (full 25449):
 garbage-first heap   total 524288K, used 523478K [0x00000000e0000000, 0x0000000100000000)
  region size 1024K, 0 young (0K), 0 survivors (0K)
 Metaspace       used 33157K, committed 33600K, reserved 1114112K
  class space    used 3944K, committed 4224K, reserved 1048576K
}
Event: 2703.119 GC heap before
{Heap before GC invocations=40219 (full 25449):
 garbage-first heap   total 524288K, used 523478K [0x00000000e0000000, 0x0000000100000000)
  region size 1024K, 0 young (0K), 0 survivors (0K)
 Metaspace       used 33157K, committed 33600K, reserved 1114112K
  class space    used 3944K, committed 4224K, reserved 1048576K
}
Event: 2703.228 GC heap after
{Heap after GC invocations=40220 (full 25450):
 garbage-first heap   total 524288K, used 523478K [0x00000000e0000000, 0x0000000100000000)
  region size 1024K, 0 young (0K), 0 survivors (0K)
 Metaspace       used 33157K, committed 33600K, reserved 1114112K
  class space    used 3944K, committed 4224K, reserved 1048576K
}
Event: 2703.229 GC heap before
{Heap before GC invocations=40220 (full 25450):
 garbage-first heap   total 524288K, used 523478K [0x00000000e0000000, 0x0000000100000000)
  region size 1024K, 0 young (0K), 0 survivors (0K)
 Metaspace       used 33157K, committed 33600K, reserved 1114112K
  class space    used 3944K, committed 4224K, reserved 1048576K
}
Event: 2703.229 GC heap after
{Heap after GC invocations=40221 (full 25450):
 garbage-first heap   total 524288K, used 523478K [0x00000000e0000000, 0x0000000100000000)
  region size 1024K, 0 young (0K), 0 survivors (0K)
 Metaspace       used 33157K, committed 33600K, reserved 1114112K
  class space    used 3944K, committed 4224K, reserved 1048576K
}
Event: 2703.229 GC heap before
{Heap before GC invocations=40221 (full 25450):
 garbage-first heap   total 524288K, used 523478K [0x00000000e0000000, 0x0000000100000000)
  region size 1024K, 0 young (0K), 0 survivors (0K)
 Metaspace       used 33157K, committed 33600K, reserved 1114112K
  class space    used 3944K, committed 4224K, reserved 1048576K
}
Event: 2703.317 GC heap after
{Heap after GC invocations=40222 (full 25451):
 garbage-first heap   total 524288K, used 523478K [0x00000000e0000000, 0x0000000100000000)
  region size 1024K, 0 young (0K), 0 survivors (0K)
 Metaspace       used 33157K, committed 33600K, reserved 1114112K
  class space    used 3944K, committed 4224K, reserved 1048576K
}
Event: 2703.317 GC heap before
{Heap before GC invocations=40222 (full 25451):
 garbage-first heap   total 524288K, used 523478K [0x00000000e0000000, 0x0000000100000000)
  region size 1024K, 0 young (0K), 0 survivors (0K)
 Metaspace       used 33157K, committed 33600K, reserved 1114112K
  class space    used 3944K, committed 4224K, reserved 1048576K
}
Event: 2703.427 GC heap after
{Heap after GC invocations=40223 (full 25452):
 garbage-first heap   total 524288K, used 523478K [0x00000000e0000000, 0x0000000100000000)
  region size 1024K, 0 young (0K), 0 survivors (0K)
 Metaspace       used 33157K, committed 33600K, reserved 1114112K
  class space    used 3944K, committed 4224K, reserved 1048576K
}
Event: 2703.428 GC heap before
{Heap before GC invocations=40223 (full 25452):
 garbage-first heap   total 524288K, used 523478K [0x00000000e0000000, 0x0000000100000000)
  region size 1024K, 0 young (0K), 0 survivors (0K)
 Metaspace       used 33157K, committed 33600K, reserved 1114112K
  class space    used 3944K, committed 4224K, reserved 1048576K
}
Event: 2703.428 GC heap after
{Heap after GC invocations=40224 (full 25452):
 garbage-first heap   total 524288K, used 523478K [0x00000000e0000000, 0x0000000100000000)
  region size 1024K, 0 young (0K), 0 survivors (0K)
 Metaspace       used 33157K, committed 33600K, reserved 1114112K
  class space    used 3944K, committed 4224K, reserved 1048576K
}
Event: 2703.428 GC heap before
{Heap before GC invocations=40224 (full 25452):
 garbage-first heap   total 524288K, used 523478K [0x00000000e0000000, 0x0000000100000000)
  region size 1024K, 0 young (0K), 0 survivors (0K)
 Metaspace       used 33157K, committed 33600K, reserved 1114112K
  class space    used 3944K, committed 4224K, reserved 1048576K
}
Event: 2703.517 GC heap after
{Heap after GC invocations=40225 (full 25453):
 garbage-first heap   total 524288K, used 523478K [0x00000000e0000000, 0x0000000100000000)
  region size 1024K, 0 young (0K), 0 survivors (0K)
 Metaspace       used 33157K, committed 33600K, reserved 1114112K
  class space    used 3944K, committed 4224K, reserved 1048576K
}
Event: 2703.517 GC heap before
{Heap before GC invocations=40225 (full 25453):
 garbage-first heap   total 524288K, used 523478K [0x00000000e0000000, 0x0000000100000000)
  region size 1024K, 0 young (0K), 0 survivors (0K)
 Metaspace       used 33157K, committed 33600K, reserved 1114112K
  class space    used 3944K, committed 4224K, reserved 1048576K
}

